{"$message_type":"diagnostic","message":"linking with `cc` failed: exit status: 1","code":null,"level":"error","spans":[],"children":[{"message":" \"cc\" \"-m64\" \"/tmp/rustcKSdzRa/symbols.o\" \"<4 object files omitted>\" \"-Wl,--as-needed\" \"-Wl,-Bstatic\" \"<sysroot>/lib/rustlib/x86_64-unknown-linux-gnu/lib/{libstd-*,libpanic_unwind-*,libobject-*,libmemchr-*,libaddr2line-*,libgimli-*,libcfg_if-*,librustc_demangle-*,libstd_detect-*,libhashbrown-*,librustc_std_workspace_alloc-*,libminiz_oxide-*,libadler2-*,libunwind-*,liblibc-*,librustc_std_workspace_core-*,liballoc-*,libcore-*,libcompiler_builtins-*}.rlib\" \"-Wl,-Bdynamic\" \"-lgcc_s\" \"-lutil\" \"-lrt\" \"-lpthread\" \"-lm\" \"-ldl\" \"-lc\" \"-L\" \"/tmp/rustcKSdzRa/raw-dylibs\" \"-B<sysroot>/lib/rustlib/x86_64-unknown-linux-gnu/bin/gcc-ld\" \"-fuse-ld=lld\" \"-Wl,--eh-frame-hdr\" \"-Wl,-z,noexecstack\" \"-L\" \"<sysroot>/lib/rustlib/x86_64-unknown-linux-gnu/lib\" \"-o\" \"/home/w/programming/3d-engine/target/debug/build/rustix-ae703788362fbd09/build_script_build-ae703788362fbd09\" \"-Wl,--gc-sections\" \"-pie\" \"-Wl,-z,relro,-z,now\" \"-nodefaultlibs\"","code":null,"level":"note","spans":[],"children":[],"rendered":null},{"message":"some arguments are omitted. use `--verbose` to show all linker arguments","code":null,"level":"note","spans":[],"children":[],"rendered":null},{"message":"/home/w/.rustup/toolchains/stable-x86_64-unknown-linux-gnu/lib/rustlib/x86_64-unknown-linux-gnu/bin/gcc-ld/ld.lld: line 5: /nix/store/p2jlnympa6n6dqg1pla4vfbq6smlhx34-rustup-1.27.1/nix-support/ld-wrapper.sh: No such file or directory\ncollect2: error: ld returned 127 exit status\n","code":null,"level":"note","spans":[],"children":[],"rendered":null}],"rendered":"\u001b[0m\u001b[1m\u001b[38;5;9merror\u001b[0m\u001b[0m\u001b[1m: linking with `cc` failed: exit status: 1\u001b[0m\n\u001b[0m  \u001b[0m\u001b[0m\u001b[1m\u001b[38;5;12m|\u001b[0m\n\u001b[0m  \u001b[0m\u001b[0m\u001b[1m\u001b[38;5;12m= \u001b[0m\u001b[0m\u001b[1mnote\u001b[0m\u001b[0m:  \"cc\" \"-m64\" \"/tmp/rustcKSdzRa/symbols.o\" \"<4 object files omitted>\" \"-Wl,--as-needed\" \"-Wl,-Bstatic\" \"<sysroot>/lib/rustlib/x86_64-unknown-linux-gnu/lib/{libstd-*,libpanic_unwind-*,libobject-*,libmemchr-*,libaddr2line-*,libgimli-*,libcfg_if-*,librustc_demangle-*,libstd_detect-*,libhashbrown-*,librustc_std_workspace_alloc-*,libminiz_oxide-*,libadler2-*,libunwind-*,liblibc-*,librustc_std_workspace_core-*,liballoc-*,libcore-*,libcompiler_builtins-*}.rlib\" \"-Wl,-Bdynamic\" \"-lgcc_s\" \"-lutil\" \"-lrt\" \"-lpthread\" \"-lm\" \"-ldl\" \"-lc\" \"-L\" \"/tmp/rustcKSdzRa/raw-dylibs\" \"-B<sysroot>/lib/rustlib/x86_64-unknown-linux-gnu/bin/gcc-ld\" \"-fuse-ld=lld\" \"-Wl,--eh-frame-hdr\" \"-Wl,-z,noexecstack\" \"-L\" \"<sysroot>/lib/rustlib/x86_64-unknown-linux-gnu/lib\" \"-o\" \"/home/w/programming/3d-engine/target/debug/build/rustix-ae703788362fbd09/build_script_build-ae703788362fbd09\" \"-Wl,--gc-sections\" \"-pie\" \"-Wl,-z,relro,-z,now\" \"-nodefaultlibs\"\u001b[0m\n\u001b[0m  \u001b[0m\u001b[0m\u001b[1m\u001b[38;5;12m= \u001b[0m\u001b[0m\u001b[1mnote\u001b[0m\u001b[0m: some arguments are omitted. use `--verbose` to show all linker arguments\u001b[0m\n\u001b[0m  \u001b[0m\u001b[0m\u001b[1m\u001b[38;5;12m= \u001b[0m\u001b[0m\u001b[1mnote\u001b[0m\u001b[0m: /home/w/.rustup/toolchains/stable-x86_64-unknown-linux-gnu/lib/rustlib/x86_64-unknown-linux-gnu/bin/gcc-ld/ld.lld: line 5: /nix/store/p2jlnympa6n6dqg1pla4vfbq6smlhx34-rustup-1.27.1/nix-support/ld-wrapper.sh: No such file or directory\u001b[0m\n\u001b[0m          collect2: error: ld returned 127 exit status\u001b[0m\n\u001b[0m          \u001b[0m\n\n"}
{"$message_type":"diagnostic","message":"aborting due to 1 previous error","code":null,"level":"error","spans":[],"children":[],"rendered":"\u001b[0m\u001b[1m\u001b[38;5;9merror\u001b[0m\u001b[0m\u001b[1m: aborting due to 1 previous error\u001b[0m\n\n"}
